  Main.cpp
D:\Faculta\MG\TREN\RepoMG\RepoMG\Main.cpp(204,22): warning C4244: 'initializing': conversion from 'double' to 'float', possible loss of data
D:\Faculta\MG\TREN\RepoMG\RepoMG\Main.cpp(401,11): warning C4244: '=': conversion from 'double' to 'float', possible loss of data
D:\Faculta\MG\TREN\RepoMG\RepoMG\Main.cpp(402,11): warning C4244: '=': conversion from 'double' to 'float', possible loss of data
D:\Faculta\MG\TREN\RepoMG\RepoMG\Main.cpp(406,16): warning C4244: 'initializing': conversion from 'double' to 'float', possible loss of data
D:\Faculta\MG\TREN\RepoMG\RepoMG\Main.cpp(407,16): warning C4244: 'initializing': conversion from 'double' to 'float', possible loss of data
D:\Faculta\MG\TREN\RepoMG\RepoMG\Main.cpp(409,10): warning C4244: '=': conversion from 'double' to 'float', possible loss of data
D:\Faculta\MG\TREN\RepoMG\RepoMG\Main.cpp(410,10): warning C4244: '=': conversion from 'double' to 'float', possible loss of data
D:\Faculta\MG\TREN\RepoMG\RepoMG\Main.cpp(419,28): warning C4244: 'argument': conversion from 'double' to 'float', possible loss of data
D:\Faculta\MG\TREN\RepoMG\RepoMG\Main.cpp(505,19): warning C4244: '-=': conversion from 'double' to 'float', possible loss of data
D:\Faculta\MG\TREN\RepoMG\RepoMG\Main.cpp(510,19): warning C4305: '-=': truncation from 'double' to 'float'
D:\Faculta\MG\TREN\RepoMG\RepoMG\Main.cpp(512,20): warning C4244: '+=': conversion from 'double' to 'float', possible loss of data
D:\Faculta\MG\TREN\RepoMG\RepoMG\Main.cpp(513,19): warning C4244: '-=': conversion from 'double' to 'float', possible loss of data
D:\Faculta\MG\TREN\RepoMG\RepoMG\Main.cpp(514,21): warning C4244: '+=': conversion from 'double' to 'float', possible loss of data
D:\Faculta\MG\TREN\RepoMG\RepoMG\Main.cpp(519,19): warning C4305: '-=': truncation from 'double' to 'float'
D:\Faculta\MG\TREN\RepoMG\RepoMG\Main.cpp(521,20): warning C4244: '+=': conversion from 'double' to 'float', possible loss of data
D:\Faculta\MG\TREN\RepoMG\RepoMG\Main.cpp(522,21): warning C4244: '-=': conversion from 'double' to 'float', possible loss of data
D:\Faculta\MG\TREN\RepoMG\RepoMG\Main.cpp(523,21): warning C4244: '+=': conversion from 'double' to 'float', possible loss of data
D:\Faculta\MG\TREN\RepoMG\RepoMG\Main.cpp(528,19): warning C4305: '-=': truncation from 'double' to 'float'
D:\Faculta\MG\TREN\RepoMG\RepoMG\Main.cpp(530,20): warning C4244: '+=': conversion from 'double' to 'float', possible loss of data
D:\Faculta\MG\TREN\RepoMG\RepoMG\Main.cpp(531,20): warning C4244: '-=': conversion from 'double' to 'float', possible loss of data
D:\Faculta\MG\TREN\RepoMG\RepoMG\Main.cpp(532,21): warning C4244: '+=': conversion from 'double' to 'float', possible loss of data
D:\Faculta\MG\TREN\RepoMG\RepoMG\Main.cpp(537,19): warning C4305: '-=': truncation from 'double' to 'float'
D:\Faculta\MG\TREN\RepoMG\RepoMG\Main.cpp(539,20): warning C4244: '+=': conversion from 'double' to 'float', possible loss of data
D:\Faculta\MG\TREN\RepoMG\RepoMG\Main.cpp(540,20): warning C4244: '-=': conversion from 'double' to 'float', possible loss of data
D:\Faculta\MG\TREN\RepoMG\RepoMG\Main.cpp(541,21): warning C4244: '+=': conversion from 'double' to 'float', possible loss of data
D:\Faculta\MG\TREN\RepoMG\RepoMG\Main.cpp(546,19): warning C4305: '-=': truncation from 'double' to 'float'
D:\Faculta\MG\TREN\RepoMG\RepoMG\Main.cpp(548,20): warning C4244: '+=': conversion from 'double' to 'float', possible loss of data
D:\Faculta\MG\TREN\RepoMG\RepoMG\Main.cpp(549,21): warning C4244: '-=': conversion from 'double' to 'float', possible loss of data
D:\Faculta\MG\TREN\RepoMG\RepoMG\Main.cpp(550,21): warning C4244: '+=': conversion from 'double' to 'float', possible loss of data
D:\Faculta\MG\TREN\RepoMG\RepoMG\Main.cpp(556,19): warning C4305: '-=': truncation from 'double' to 'float'
D:\Faculta\MG\TREN\RepoMG\RepoMG\Main.cpp(558,20): warning C4244: '+=': conversion from 'double' to 'float', possible loss of data
D:\Faculta\MG\TREN\RepoMG\RepoMG\Main.cpp(559,21): warning C4244: '-=': conversion from 'double' to 'float', possible loss of data
D:\Faculta\MG\TREN\RepoMG\RepoMG\Main.cpp(560,21): warning C4244: '+=': conversion from 'double' to 'float', possible loss of data
D:\Faculta\MG\TREN\RepoMG\RepoMG\Main.cpp(565,19): warning C4305: '+=': truncation from 'double' to 'float'
D:\Faculta\MG\TREN\RepoMG\RepoMG\Main.cpp(567,20): warning C4244: '+=': conversion from 'double' to 'float', possible loss of data
D:\Faculta\MG\TREN\RepoMG\RepoMG\Main.cpp(568,20): warning C4244: '-=': conversion from 'double' to 'float', possible loss of data
D:\Faculta\MG\TREN\RepoMG\RepoMG\Main.cpp(569,21): warning C4244: '+=': conversion from 'double' to 'float', possible loss of data
D:\Faculta\MG\TREN\RepoMG\RepoMG\Main.cpp(574,19): warning C4305: '+=': truncation from 'double' to 'float'
D:\Faculta\MG\TREN\RepoMG\RepoMG\Main.cpp(576,20): warning C4244: '+=': conversion from 'double' to 'float', possible loss of data
D:\Faculta\MG\TREN\RepoMG\RepoMG\Main.cpp(577,20): warning C4244: '-=': conversion from 'double' to 'float', possible loss of data
D:\Faculta\MG\TREN\RepoMG\RepoMG\Main.cpp(578,21): warning C4244: '+=': conversion from 'double' to 'float', possible loss of data
D:\Faculta\MG\TREN\RepoMG\RepoMG\Main.cpp(583,19): warning C4305: '+=': truncation from 'double' to 'float'
D:\Faculta\MG\TREN\RepoMG\RepoMG\Main.cpp(585,20): warning C4244: '+=': conversion from 'double' to 'float', possible loss of data
D:\Faculta\MG\TREN\RepoMG\RepoMG\Main.cpp(586,20): warning C4244: '-=': conversion from 'double' to 'float', possible loss of data
D:\Faculta\MG\TREN\RepoMG\RepoMG\Main.cpp(587,21): warning C4244: '+=': conversion from 'double' to 'float', possible loss of data
D:\Faculta\MG\TREN\RepoMG\RepoMG\Main.cpp(592,19): warning C4305: '+=': truncation from 'double' to 'float'
D:\Faculta\MG\TREN\RepoMG\RepoMG\Main.cpp(594,19): warning C4305: '+=': truncation from 'double' to 'float'
D:\Faculta\MG\TREN\RepoMG\RepoMG\Main.cpp(596,20): warning C4244: '+=': conversion from 'double' to 'float', possible loss of data
D:\Faculta\MG\TREN\RepoMG\RepoMG\Main.cpp(597,20): warning C4244: '-=': conversion from 'double' to 'float', possible loss of data
D:\Faculta\MG\TREN\RepoMG\RepoMG\Main.cpp(598,20): warning C4244: '+=': conversion from 'double' to 'float', possible loss of data
D:\Faculta\MG\TREN\RepoMG\RepoMG\Main.cpp(602,21): warning C4244: '+=': conversion from 'double' to 'float', possible loss of data
D:\Faculta\MG\TREN\RepoMG\RepoMG\Main.cpp(603,19): warning C4244: '-=': conversion from 'double' to 'float', possible loss of data
D:\Faculta\MG\TREN\RepoMG\RepoMG\Main.cpp(604,21): warning C4244: '+=': conversion from 'double' to 'float', possible loss of data
D:\Faculta\MG\TREN\RepoMG\RepoMG\Main.cpp(608,21): warning C4244: '+=': conversion from 'double' to 'float', possible loss of data
D:\Faculta\MG\TREN\RepoMG\RepoMG\Main.cpp(609,20): warning C4244: '-=': conversion from 'double' to 'float', possible loss of data
D:\Faculta\MG\TREN\RepoMG\RepoMG\Main.cpp(610,21): warning C4244: '+=': conversion from 'double' to 'float', possible loss of data
D:\Faculta\MG\TREN\RepoMG\RepoMG\Main.cpp(614,20): warning C4244: '+=': conversion from 'double' to 'float', possible loss of data
D:\Faculta\MG\TREN\RepoMG\RepoMG\Main.cpp(615,19): warning C4244: '-=': conversion from 'double' to 'float', possible loss of data
D:\Faculta\MG\TREN\RepoMG\RepoMG\Main.cpp(616,21): warning C4244: '+=': conversion from 'double' to 'float', possible loss of data
D:\Faculta\MG\TREN\RepoMG\RepoMG\Main.cpp(621,21): warning C4244: '+=': conversion from 'double' to 'float', possible loss of data
D:\Faculta\MG\TREN\RepoMG\RepoMG\Main.cpp(622,19): warning C4244: '-=': conversion from 'double' to 'float', possible loss of data
D:\Faculta\MG\TREN\RepoMG\RepoMG\Main.cpp(623,21): warning C4244: '+=': conversion from 'double' to 'float', possible loss of data
D:\Faculta\MG\TREN\RepoMG\RepoMG\Main.cpp(627,21): warning C4244: '+=': conversion from 'double' to 'float', possible loss of data
D:\Faculta\MG\TREN\RepoMG\RepoMG\Main.cpp(628,19): warning C4244: '-=': conversion from 'double' to 'float', possible loss of data
D:\Faculta\MG\TREN\RepoMG\RepoMG\Main.cpp(629,21): warning C4244: '+=': conversion from 'double' to 'float', possible loss of data
D:\Faculta\MG\TREN\RepoMG\RepoMG\Main.cpp(633,20): warning C4244: '-=': conversion from 'double' to 'float', possible loss of data
D:\Faculta\MG\TREN\RepoMG\RepoMG\Main.cpp(634,21): warning C4244: '+=': conversion from 'double' to 'float', possible loss of data
D:\Faculta\MG\TREN\RepoMG\RepoMG\Main.cpp(638,20): warning C4244: '-=': conversion from 'double' to 'float', possible loss of data
D:\Faculta\MG\TREN\RepoMG\RepoMG\Main.cpp(639,21): warning C4244: '+=': conversion from 'double' to 'float', possible loss of data
D:\Faculta\MG\TREN\RepoMG\RepoMG\Main.cpp(644,19): warning C4305: '-=': truncation from 'double' to 'float'
D:\Faculta\MG\TREN\RepoMG\RepoMG\Main.cpp(646,14): warning C4305: '-=': truncation from 'double' to 'float'
D:\Faculta\MG\TREN\RepoMG\RepoMG\Main.cpp(648,21): warning C4244: '+=': conversion from 'double' to 'float', possible loss of data
D:\Faculta\MG\TREN\RepoMG\RepoMG\Main.cpp(649,20): warning C4244: '-=': conversion from 'double' to 'float', possible loss of data
D:\Faculta\MG\TREN\RepoMG\RepoMG\Main.cpp(650,21): warning C4244: '-=': conversion from 'double' to 'float', possible loss of data
D:\Faculta\MG\TREN\RepoMG\RepoMG\Main.cpp(655,19): warning C4305: '-=': truncation from 'double' to 'float'
D:\Faculta\MG\TREN\RepoMG\RepoMG\Main.cpp(657,19): warning C4305: '+=': truncation from 'double' to 'float'
D:\Faculta\MG\TREN\RepoMG\RepoMG\Main.cpp(659,20): warning C4244: '+=': conversion from 'double' to 'float', possible loss of data
D:\Faculta\MG\TREN\RepoMG\RepoMG\Main.cpp(660,20): warning C4244: '-=': conversion from 'double' to 'float', possible loss of data
D:\Faculta\MG\TREN\RepoMG\RepoMG\Main.cpp(661,20): warning C4244: '-=': conversion from 'double' to 'float', possible loss of data
D:\Faculta\MG\TREN\RepoMG\RepoMG\Main.cpp(666,19): warning C4305: '+=': truncation from 'double' to 'float'
D:\Faculta\MG\TREN\RepoMG\RepoMG\Main.cpp(668,21): warning C4244: '+=': conversion from 'double' to 'float', possible loss of data
D:\Faculta\MG\TREN\RepoMG\RepoMG\Main.cpp(669,20): warning C4244: '-=': conversion from 'double' to 'float', possible loss of data
D:\Faculta\MG\TREN\RepoMG\RepoMG\Main.cpp(670,20): warning C4244: '-=': conversion from 'double' to 'float', possible loss of data
D:\Faculta\MG\TREN\RepoMG\RepoMG\Main.cpp(675,19): warning C4305: '+=': truncation from 'double' to 'float'
D:\Faculta\MG\TREN\RepoMG\RepoMG\Main.cpp(677,20): warning C4244: '-=': conversion from 'double' to 'float', possible loss of data
D:\Faculta\MG\TREN\RepoMG\RepoMG\Main.cpp(678,19): warning C4244: '-=': conversion from 'double' to 'float', possible loss of data
D:\Faculta\MG\TREN\RepoMG\RepoMG\Main.cpp(679,20): warning C4244: '-=': conversion from 'double' to 'float', possible loss of data
D:\Faculta\MG\TREN\RepoMG\RepoMG\Main.cpp(684,19): warning C4305: '+=': truncation from 'double' to 'float'
D:\Faculta\MG\TREN\RepoMG\RepoMG\Main.cpp(686,21): warning C4244: '-=': conversion from 'double' to 'float', possible loss of data
D:\Faculta\MG\TREN\RepoMG\RepoMG\Main.cpp(687,19): warning C4244: '-=': conversion from 'double' to 'float', possible loss of data
D:\Faculta\MG\TREN\RepoMG\RepoMG\Main.cpp(688,21): warning C4244: '-=': conversion from 'double' to 'float', possible loss of data
D:\Faculta\MG\TREN\RepoMG\RepoMG\Main.cpp(693,19): warning C4305: '+=': truncation from 'double' to 'float'
D:\Faculta\MG\TREN\RepoMG\RepoMG\Main.cpp(695,19): warning C4244: '-=': conversion from 'double' to 'float', possible loss of data
D:\Faculta\MG\TREN\RepoMG\RepoMG\Main.cpp(696,19): warning C4244: '-=': conversion from 'double' to 'float', possible loss of data
D:\Faculta\MG\TREN\RepoMG\RepoMG\Main.cpp(701,19): warning C4305: '+=': truncation from 'double' to 'float'
D:\Faculta\MG\TREN\RepoMG\RepoMG\Main.cpp(703,20): warning C4244: '-=': conversion from 'double' to 'float', possible loss of data
D:\Faculta\MG\TREN\RepoMG\RepoMG\Main.cpp(704,20): warning C4244: '-=': conversion from 'double' to 'float', possible loss of data
D:\Faculta\MG\TREN\RepoMG\RepoMG\Main.cpp(709,19): warning C4305: '+=': truncation from 'double' to 'float'
D:\Faculta\MG\TREN\RepoMG\RepoMG\Main.cpp(711,20): warning C4244: '-=': conversion from 'double' to 'float', possible loss of data
D:\Faculta\MG\TREN\RepoMG\RepoMG\Main.cpp(712,20): warning C4244: '-=': conversion from 'double' to 'float', possible loss of data
D:\Faculta\MG\TREN\RepoMG\RepoMG\Main.cpp(713,21): warning C4244: '-=': conversion from 'double' to 'float', possible loss of data
D:\Faculta\MG\TREN\RepoMG\RepoMG\Main.cpp(718,19): warning C4305: '+=': truncation from 'double' to 'float'
D:\Faculta\MG\TREN\RepoMG\RepoMG\Main.cpp(720,20): warning C4244: '-=': conversion from 'double' to 'float', possible loss of data
D:\Faculta\MG\TREN\RepoMG\RepoMG\Main.cpp(721,20): warning C4244: '-=': conversion from 'double' to 'float', possible loss of data
D:\Faculta\MG\TREN\RepoMG\RepoMG\Main.cpp(722,13): warning C4305: '+=': truncation from 'double' to 'float'
D:\Faculta\MG\TREN\RepoMG\RepoMG\Main.cpp(726,20): warning C4244: '-=': conversion from 'double' to 'float', possible loss of data
D:\Faculta\MG\TREN\RepoMG\RepoMG\Main.cpp(727,22): warning C4244: '-=': conversion from 'double' to 'float', possible loss of data
D:\Faculta\MG\TREN\RepoMG\RepoMG\Main.cpp(728,21): warning C4244: '+=': conversion from 'double' to 'float', possible loss of data
  RepoMG.vcxproj -> D:\Faculta\MG\TREN\RepoMG\Debug\RepoMG.exe
